2019-08-24 02:14:48,071 ERROR org.hibernate.engine.jdbc.spi.SqlExceptionHelper [http-nio-8080-exec-1] Unique index or primary key violation: "UKOK38V56KA8WLO4DMPKUN2S9OB_INDEX_4 ON PUBLIC.QUOTE(NAME) VALUES ('324324234', 5)"; SQL statement:
insert into quote (deleted, name, price, id) values (?, ?, ?, ?) [23505-197]
2019-08-24 02:14:48,090 ERROR quotes.api.aspects.QuotesAspect [http-nio-8080-exec-1] could not execute statement; SQL [n/a]; constraint ["UKOK38V56KA8WLO4DMPKUN2S9OB_INDEX_4 ON PUBLIC.QUOTE(NAME) VALUES ('324324234', 5)"; SQL statement:
insert into quote (deleted, name, price, id) values (?, ?, ?, ?) [23505-197]]; nested exception is org.hibernate.exception.ConstraintViolationException: could not execute statement
2019-08-24 02:14:49,242 ERROR org.hibernate.engine.jdbc.spi.SqlExceptionHelper [http-nio-8080-exec-5] Unique index or primary key violation: "UKOK38V56KA8WLO4DMPKUN2S9OB_INDEX_4 ON PUBLIC.QUOTE(NAME) VALUES ('324324234', 5)"; SQL statement:
insert into quote (deleted, name, price, id) values (?, ?, ?, ?) [23505-197]
2019-08-24 02:14:49,244 ERROR quotes.api.aspects.QuotesAspect [http-nio-8080-exec-5] could not execute statement; SQL [n/a]; constraint ["UKOK38V56KA8WLO4DMPKUN2S9OB_INDEX_4 ON PUBLIC.QUOTE(NAME) VALUES ('324324234', 5)"; SQL statement:
insert into quote (deleted, name, price, id) values (?, ?, ?, ?) [23505-197]]; nested exception is org.hibernate.exception.ConstraintViolationException: could not execute statement
2019-08-24 02:15:13,911 ERROR org.springframework.boot.SpringApplication [main] Application run failed
org.springframework.beans.factory.BeanCreationException: Error creating bean with name 'springSecurityFilterChain' defined in class path resource [org/springframework/security/config/annotation/web/configuration/WebSecurityConfiguration.class]: Bean instantiation via factory method failed; nested exception is org.springframework.beans.BeanInstantiationException: Failed to instantiate [javax.servlet.Filter]: Factory method 'springSecurityFilterChain' threw exception; nested exception is java.lang.RuntimeException: javax.xml.bind.JAXBException: Implementation of JAXB-API has not been found on module path or classpath.
 - with linked exception:
[java.lang.ClassNotFoundException: com.sun.xml.internal.bind.v2.ContextFactory]
	at org.springframework.beans.factory.support.ConstructorResolver.instantiate(ConstructorResolver.java:627)
	at org.springframework.beans.factory.support.ConstructorResolver.instantiateUsingFactoryMethod(ConstructorResolver.java:456)
	at org.springframework.beans.factory.support.AbstractAutowireCapableBeanFactory.instantiateUsingFactoryMethod(AbstractAutowireCapableBeanFactory.java:1288)
	at org.springframework.beans.factory.support.AbstractAutowireCapableBeanFactory.createBeanInstance(AbstractAutowireCapableBeanFactory.java:1127)
	at org.springframework.beans.factory.support.AbstractAutowireCapableBeanFactory.doCreateBean(AbstractAutowireCapableBeanFactory.java:538)
	at org.springframework.beans.factory.support.AbstractAutowireCapableBeanFactory.createBean(AbstractAutowireCapableBeanFactory.java:498)
	at org.springframework.beans.factory.support.AbstractBeanFactory.lambda$doGetBean$0(AbstractBeanFactory.java:320)
	at org.springframework.beans.factory.support.DefaultSingletonBeanRegistry.getSingleton(DefaultSingletonBeanRegistry.java:222)
	at org.springframework.beans.factory.support.AbstractBeanFactory.doGetBean(AbstractBeanFactory.java:318)
	at org.springframework.beans.factory.support.AbstractBeanFactory.getBean(AbstractBeanFactory.java:199)
	at org.springframework.beans.factory.support.AbstractBeanFactory.doGetBean(AbstractBeanFactory.java:307)
	at org.springframework.beans.factory.support.AbstractBeanFactory.getBean(AbstractBeanFactory.java:199)
	at org.springframework.beans.factory.support.DefaultListableBeanFactory.preInstantiateSingletons(DefaultListableBeanFactory.java:846)
	at org.springframework.context.support.AbstractApplicationContext.finishBeanFactoryInitialization(AbstractApplicationContext.java:863)
	at org.springframework.context.support.AbstractApplicationContext.refresh(AbstractApplicationContext.java:546)
	at org.springframework.boot.web.servlet.context.ServletWebServerApplicationContext.refresh(ServletWebServerApplicationContext.java:142)
	at org.springframework.boot.SpringApplication.refresh(SpringApplication.java:775)
	at org.springframework.boot.SpringApplication.refreshContext(SpringApplication.java:397)
	at org.springframework.boot.SpringApplication.run(SpringApplication.java:316)
	at org.springframework.boot.SpringApplication.run(SpringApplication.java:1260)
	at org.springframework.boot.SpringApplication.run(SpringApplication.java:1248)
	at quotes.api.Api.main(Api.java:18)
Caused by: org.springframework.beans.BeanInstantiationException: Failed to instantiate [javax.servlet.Filter]: Factory method 'springSecurityFilterChain' threw exception; nested exception is java.lang.RuntimeException: javax.xml.bind.JAXBException: Implementation of JAXB-API has not been found on module path or classpath.
 - with linked exception:
[java.lang.ClassNotFoundException: com.sun.xml.internal.bind.v2.ContextFactory]
	at org.springframework.beans.factory.support.SimpleInstantiationStrategy.instantiate(SimpleInstantiationStrategy.java:185)
	at org.springframework.beans.factory.support.ConstructorResolver.instantiate(ConstructorResolver.java:622)
	... 21 common frames omitted
Caused by: java.lang.RuntimeException: javax.xml.bind.JAXBException: Implementation of JAXB-API has not been found on module path or classpath.
 - with linked exception:
[java.lang.ClassNotFoundException: com.sun.xml.internal.bind.v2.ContextFactory]
	at org.springframework.security.oauth2.http.converter.jaxb.AbstractJaxbMessageConverter.<init>(AbstractJaxbMessageConverter.java:62)
	at org.springframework.security.oauth2.http.converter.jaxb.JaxbOAuth2ExceptionMessageConverter.<init>(JaxbOAuth2ExceptionMessageConverter.java:21)
	at org.springframework.security.oauth2.provider.error.DefaultOAuth2ExceptionRenderer.geDefaultMessageConverters(DefaultOAuth2ExceptionRenderer.java:117)
	at org.springframework.security.oauth2.provider.error.DefaultOAuth2ExceptionRenderer.<init>(DefaultOAuth2ExceptionRenderer.java:53)
	at org.springframework.security.oauth2.provider.error.AbstractOAuth2SecurityExceptionHandler.<init>(AbstractOAuth2SecurityExceptionHandler.java:43)
	at org.springframework.security.oauth2.provider.error.OAuth2AccessDeniedHandler.<init>(OAuth2AccessDeniedHandler.java:32)
	at org.springframework.security.oauth2.config.annotation.web.configurers.AuthorizationServerSecurityConfigurer.<init>(AuthorizationServerSecurityConfigurer.java:60)
	at org.springframework.security.oauth2.config.annotation.web.configuration.AuthorizationServerSecurityConfiguration.configure(AuthorizationServerSecurityConfiguration.java:74)
	at org.springframework.security.config.annotation.web.configuration.WebSecurityConfigurerAdapter.getHttp(WebSecurityConfigurerAdapter.java:231)
	at org.springframework.security.config.annotation.web.configuration.WebSecurityConfigurerAdapter.init(WebSecurityConfigurerAdapter.java:322)
	at org.springframework.security.config.annotation.web.configuration.WebSecurityConfigurerAdapter.init(WebSecurityConfigurerAdapter.java:92)
	at org.springframework.security.oauth2.config.annotation.web.configuration.AuthorizationServerSecurityConfiguration$$EnhancerBySpringCGLIB$$3f2b6568.init(<generated>)
	at org.springframework.security.config.annotation.AbstractConfiguredSecurityBuilder.init(AbstractConfiguredSecurityBuilder.java:371)
	at org.springframework.security.config.annotation.AbstractConfiguredSecurityBuilder.doBuild(AbstractConfiguredSecurityBuilder.java:325)
	at org.springframework.security.config.annotation.AbstractSecurityBuilder.build(AbstractSecurityBuilder.java:41)
	at org.springframework.security.config.annotation.web.configuration.WebSecurityConfiguration.springSecurityFilterChain(WebSecurityConfiguration.java:104)
	at org.springframework.security.config.annotation.web.configuration.WebSecurityConfiguration$$EnhancerBySpringCGLIB$$d74f106b.CGLIB$springSecurityFilterChain$5(<generated>)
	at org.springframework.security.config.annotation.web.configuration.WebSecurityConfiguration$$EnhancerBySpringCGLIB$$d74f106b$$FastClassBySpringCGLIB$$1e84693b.invoke(<generated>)
	at org.springframework.cglib.proxy.MethodProxy.invokeSuper(MethodProxy.java:244)
	at org.springframework.context.annotation.ConfigurationClassEnhancer$BeanMethodInterceptor.intercept(ConfigurationClassEnhancer.java:363)
	at org.springframework.security.config.annotation.web.configuration.WebSecurityConfiguration$$EnhancerBySpringCGLIB$$d74f106b.springSecurityFilterChain(<generated>)
	at java.base/jdk.internal.reflect.NativeMethodAccessorImpl.invoke0(Native Method)
	at java.base/jdk.internal.reflect.NativeMethodAccessorImpl.invoke(NativeMethodAccessorImpl.java:62)
	at java.base/jdk.internal.reflect.DelegatingMethodAccessorImpl.invoke(DelegatingMethodAccessorImpl.java:43)
	at java.base/java.lang.reflect.Method.invoke(Method.java:567)
	at org.springframework.beans.factory.support.SimpleInstantiationStrategy.instantiate(SimpleInstantiationStrategy.java:154)
	... 22 common frames omitted
Caused by: javax.xml.bind.JAXBException: Implementation of JAXB-API has not been found on module path or classpath.
	at javax.xml.bind.ContextFinder.newInstance(ContextFinder.java:278)
	at javax.xml.bind.ContextFinder.find(ContextFinder.java:421)
	at javax.xml.bind.JAXBContext.newInstance(JAXBContext.java:721)
	at javax.xml.bind.JAXBContext.newInstance(JAXBContext.java:662)
	at org.springframework.security.oauth2.http.converter.jaxb.AbstractJaxbMessageConverter.<init>(AbstractJaxbMessageConverter.java:59)
	... 47 common frames omitted
Caused by: java.lang.ClassNotFoundException: com.sun.xml.internal.bind.v2.ContextFactory
	at java.base/jdk.internal.loader.BuiltinClassLoader.loadClass(BuiltinClassLoader.java:583)
	at java.base/jdk.internal.loader.ClassLoaders$AppClassLoader.loadClass(ClassLoaders.java:178)
	at java.base/java.lang.ClassLoader.loadClass(ClassLoader.java:521)
	at javax.xml.bind.ServiceLoaderUtil.nullSafeLoadClass(ServiceLoaderUtil.java:122)
	at javax.xml.bind.ServiceLoaderUtil.safeLoadClass(ServiceLoaderUtil.java:155)
	at javax.xml.bind.ContextFinder.newInstance(ContextFinder.java:276)
	... 51 common frames omitted
